 Enter run name : checking files
 Reading reference file from : pointspec.ref                                                                                       
 Runname : pointspec.ref                                                                                       
 NPRO, NVMR :           20           6
 Reading reference file from : pointspec.ref                                                                                       
 Files OK T
 Nemesis - corr-k calculation
 iform1 =            1
 percbool =  F
 lin =            0
 wavesetb: nwave =           17
           1          17          17
 Reading in            1  variables
 Total number of variables (nx) :            1
 coreret: Checking can invert Sa
 dinvertm: Cholesky decomposition
 dinvertm.f: Matrix inversion OK
 Calling setifix
 j,ifix(j) :            1           1
 Calling forwardavfovX - B
 Reading reference file from : pointspec.ref                                                                                       
 forwardavfovX: jsurf,jalb,jtan,jpre          -1          -1          -1          -1
 Warning from nemesis/setup.f. Surface temperature must
 be greater than 0.0 for some parts of code that deal
 with sensitivity to surface temperature
 ForwardavfovX. Spectrum            1  of            1
 gsetrad, lin =            0
 NLATREF =            1
 Snapping to first latitude
 XX. ISCALE =            1           1           1           1           1           1
 XhydrostatH: JZERO =            1
  
 IPAR =            1
 ISCALE :            0           1           1           1           1           1
 IERR  =            0
 XhydrostatH: JZERO =            1
 gsetrad -            1           1
 gsetrad - iflagcloud,iflagsrom =  F           0
 gsetrad - cbflag, iflagcb =  F           0
 AA ISCAT =            0
  RDMOD.f :: reading model: pointspec.prf                                                                                       
 RDMOD: AMFORM =            1
  RDDMOD.f :: reading dust-model: aerosol.prf                                                                                         
  RDDMOD.f :: dust-model has            1  aerosol types
 Check_profile called
 Checking : pointspec.sca                                                                                       
 icheck =            0
 Reading reference file from : pointspec.ref                                                                                       
 CIRSRTFG_WAVE - ILBL =            0
  
  SUBPATHG.f :: iconv =           24
  SUBPATHG.f :: vmin =    1.14250004     , vmax =    4.50000000    
  SUBPATHG.f :: delv =   0.209843755     , fwhm =    0.00000000    
  SUBPATHG.f :: wing =    0.00000000     , vrel =    0.00000000    
  SUBPATHG.f :: reading spectral data from:  POINTSPEC.KLS                                                                                      
  RDMOD.f :: reading model: pointspec.prf                                                                                       
 RDMOD: AMFORM =            1
  RDDMOD.f :: reading dust-model: aerosol.prf                                                                                         
  RDDMOD.f :: dust-model has            1  aerosol types
 radius layer=   74065.7031    
  LAYERG.f :: Number of dust types:            1
  LAYERG.f :: Dust type =            1
  LAYERG.f :: Total number/cm2 for path=    0.00000000    

Klist filename: pointspec.kls                                                                                       
      CALLING read_klist
 klist file : pointspec.kls                                                                                       
  READ_KLIST.f :: Number of k-files =            4
      read_klist COMPLETE
  
 Reading_xsec: X-section file : pointspec.xsc                                                                                       
 Ncont is           1
 get_xsec: read_xsec OK
 nsec1 =           20
 NPATH =            1
  
  Waiting for CIRSradg_wave etal to complete ...
  Percent Complete =    0.00000000    
 ciaread. Reading File = /Users/jingxuanyang/radtrancode/raddata/exocia_hitran12_200-3800K.tab                               
 ciaread : New Data read in
  Percent Complete =    10.0000000    
  Percent Complete =    20.0000000    
  Percent Complete =    30.0000000    
  Percent Complete =    40.0000000    
  Percent Complete =    50.0000000    
  Percent Complete =    60.0000000    
  Percent Complete =    70.0000000    
  Percent Complete =    80.0000000    
  Percent Complete =    90.0000000    
  Percent Complete =    100.000000    
 ForwardavfovX: Npath,sol_ang,emiss_ang =            1   0.00000000       45.0000000    
           1   1.00000000       1.42995053E+22   1.42995053E+22   1.42995053E+22
           2   1.00000000       1.34023342E+22   1.34023342E+22   1.34023342E+22
           3   1.00000000       1.94920994E+22   1.94920994E+22   1.94920994E+22
           4   1.00000000       2.67095569E+22   2.67095569E+22   2.67095569E+22
           5   1.00000000       2.77090362E+22   2.77090362E+22   2.77090362E+22
           6   1.00000000       1.95423145E+22   1.95423145E+22   1.95423145E+22
           7   1.00000000       8.07417388E+21   8.07417388E+21   8.07417388E+21
           8   1.00000000       5.87716993E+21   5.87716993E+21   5.87716993E+21
           9   1.00000000       5.70048752E+21   5.70048752E+21   5.70048752E+21
          10   1.00000000       6.71233546E+21   6.71233546E+21   6.71233546E+21
          11   1.00000000       8.35755726E+21   8.35755726E+21   8.35755726E+21
          12   1.00000000       1.07205746E+22   1.07205746E+22   1.07205746E+22
          13   1.00000000       1.28727019E+22   1.28727019E+22   1.28727019E+22
          14   1.00000000       1.17890964E+22   1.17890964E+22   1.17890964E+22
          15   1.00000000       8.07578336E+21   8.07578336E+21   8.07578336E+21
          16   1.00000000       2.19274791E+21   2.19274791E+21   2.19274791E+21
          17   1.00000000       1.40588518E+21   1.40588518E+21   1.40588518E+21
 Calc_gain_matrix: Inverting...
 dinvertm: Cholesky decomposition
 dinvertm.f: Matrix inversion OK
 calc_phiret: phi1,phi2 =          Infinity   0.00000000    
 Assess:
 Average of diagonal elements of Kk*Sx*Kt :    1.3413042539760037E+031
 Average of diagonal elements of Se :    1.0000009154076395E-010
 Ratio =    1.3413030261369668E+041
 Average of Kk*Sx*Kt/Se element ratio :    1.3413030261369666E+041
 ******************* ASSESS WARNING *****************
 Insufficient constraint. Solution likely to be exact
 ****************************************************
 iterred,kiter           1          -1
 chisq/ny is equal to :          Infinity
 Coreret: WARNING
 chisq/ny should be less than 1 if correctly retrieved
 Calculating final covariance matrix
 Matrix calculated
 Writeout: ispace,iform,xfac :            1           1   1.00000000    
 D           3          20   0.00000000    
 E           1
 Warning from nemesis/setup.f. Surface temperature must
 be greater than 0.0 for some parts of code that deal
 with sensitivity to surface temperature
 Angles :    0.00000000       45.0000000       0.00000000    
 nf =            1
 calling gsetrad
 gsetrad, lin =            0
 NLATREF =            1
 Snapping to first latitude
 XX. ISCALE =            1           1           1           1           1           1
 XhydrostatH: JZERO =            1
  
 IPAR =            1
 ISCALE :            0           1           1           1           1           1
 IERR  =            0
 XhydrostatH: JZERO =            1
 gsetrad -            1           1
 gsetrad - iflagcloud,iflagsrom =  F           0
 gsetrad - cbflag, iflagcb =  F           0
 AA ISCAT =            0
  RDMOD.f :: reading model: pointspec.prf                                                                                       
 RDMOD: AMFORM =            1
  RDDMOD.f :: reading dust-model: aerosol.prf                                                                                         
  RDDMOD.f :: dust-model has            1  aerosol types
 Check_profile called
 Checking : pointspec.sca                                                                                       
 icheck =            0
 Reading reference file from : pointspec.ref                                                                                       
 gsetrad called OK
 Model run OK
 Elapsed time (s) =      1.0
