 Enter run name : checking files
 Reading reference file from : disc.ref                                                                                            
 Runname : disc.ref                                                                                            
 NPRO, NVMR :           20           6
 Reading reference file from : disc.ref                                                                                            
 Files OK T
 Nemesis - corr-k calculation
 iform1 =            1
 percbool =  F
 lin =            0
 wavesetb: nwave =           17
           1          17          17
 Reading in            1  variables
 Total number of variables (nx) :            1
 coreret: Checking can invert Sa
 dinvertm: Cholesky decomposition
 dinvertm.f: Matrix inversion OK
 Calling setifix
 j,ifix(j) :            1           1
 Calling forwardavfovX - B
 Reading reference file from : disc.ref                                                                                            
 forwardavfovX: jsurf,jalb,jtan,jpre          -1          -1          -1          -1
 Warning from nemesis/setup.f. Surface temperature must
 be greater than 0.0 for some parts of code that deal
 with sensitivity to surface temperature
 ForwardavfovX. Spectrum            1  of            1
 gsetrad, lin =            0
 NLATREF =            1
 Snapping to first latitude
 XX. ISCALE =            1           1           1           1           1           1
 XhydrostatH: JZERO =            1
 XhydrostatH: JZERO =            1
  
 IPAR =            1
 ISCALE :            0           1           1           1           1           1
 IERR  =            0
 XhydrostatH: JZERO =            1
 gsetrad -            1           1
 gsetrad - iflagcloud,iflagsrom =  F           0
 gsetrad - cbflag, iflagcb =  F           0
 AA ISCAT =            0
  RDMOD.f :: reading model: disc.prf                                                                                            
 RDMOD: AMFORM =            1
  RDDMOD.f :: reading dust-model: aerosol.prf                                                                                         
  RDDMOD.f :: dust-model has            1  aerosol types
 Check_profile called
 Checking : disc.sca                                                                                            
 icheck =            0
 Reading reference file from : disc.ref                                                                                            
 CIRSRTFG_WAVE - ILBL =            0
  
  SUBPATHG.f :: iconv =           24
  SUBPATHG.f :: vmin =    1.14250004     , vmax =    4.50000000    
  SUBPATHG.f :: delv =   0.209843755     , fwhm =    0.00000000    
  SUBPATHG.f :: wing =    0.00000000     , vrel =    0.00000000    
  SUBPATHG.f :: reading spectral data from:  DISC.KLS                                                                                           
  RDMOD.f :: reading model: disc.prf                                                                                            
 RDMOD: AMFORM =            1
  RDDMOD.f :: reading dust-model: aerosol.prf                                                                                         
  RDDMOD.f :: dust-model has            1  aerosol types
 radius layer=   74065.7031    
  LAYERG.f :: Number of dust types:            1
  LAYERG.f :: Dust type =            1
  LAYERG.f :: Total number/cm2 for path=    0.00000000    

Klist filename: disc.kls                                                                                            
      CALLING read_klist
 klist file : disc.kls                                                                                            
  READ_KLIST.f :: Number of k-files =            4
      read_klist COMPLETE
  
 Reading_xsec: X-section file : disc.xsc                                                                                            
 Ncont is           1
 get_xsec: read_xsec OK
 nsec1 =           20
 NPATH =            1
  
  Waiting for CIRSradg_wave etal to complete ...
  Percent Complete =    0.00000000    
 ciaread. Reading File = /Users/jingxuanyang/radtrancode/raddata/exocia_hitran12_200-3800K.tab                               
 ciaread : New Data read in
  Percent Complete =    10.0000000    
  Percent Complete =    20.0000000    
  Percent Complete =    30.0000000    
  Percent Complete =    40.0000000    
  Percent Complete =    50.0000000    
  Percent Complete =    60.0000000    
  Percent Complete =    70.0000000    
  Percent Complete =    80.0000000    
  Percent Complete =    90.0000000    
  Percent Complete =    100.000000    
 ForwardavfovX: Npath,sol_ang,emiss_ang =            1   139.065094       63.4348984    
           1   6.90980032E-02   3.48171103E-04   2.40579284E-05   2.40579284E-05
           2   6.90980032E-02   3.35239863E-04   2.31644044E-05   2.31644044E-05
           3   6.90980032E-02   5.29321027E-04   3.65750275E-05   3.65750275E-05
           4   6.90980032E-02   7.87674217E-04   5.44267168E-05   5.44267168E-05
           5   6.90980032E-02   8.64782487E-04   5.97547441E-05   5.97547441E-05
           6   6.90980032E-02   6.09920651E-04   4.21443001E-05   4.21443001E-05
           7   6.90980032E-02   2.52884522E-04   1.74738161E-05   1.74738161E-05
           8   6.90980032E-02   1.91230851E-04   1.32136702E-05   1.32136702E-05
           9   6.90980032E-02   1.94786597E-04   1.34593647E-05   1.34593647E-05
          10   6.90980032E-02   2.35518979E-04   1.62738907E-05   1.62738907E-05
          11   6.90980032E-02   3.02810018E-04   2.09235677E-05   2.09235677E-05
          12   6.90980032E-02   3.99895973E-04   2.76320134E-05   2.76320134E-05
          13   6.90980032E-02   4.97476489E-04   3.43746324E-05   3.43746324E-05
          14   6.90980032E-02   4.67768987E-04   3.23219028E-05   3.23219028E-05
          15   6.90980032E-02   3.22303153E-04   2.22705039E-05   2.22705039E-05
          16   6.90980032E-02   1.74792507E-03   1.20778132E-04   1.20778132E-04
          17   6.90980032E-02   3.13735846E-03   2.16785207E-04   2.16785207E-04
 gsetrad, lin =            0
 NLATREF =            1
 Snapping to first latitude
 XX. ISCALE =            1           1           1           1           1           1
 XhydrostatH: JZERO =            1
 XhydrostatH: JZERO =            1
  
 IPAR =            1
 ISCALE :            0           1           1           1           1           1
 IERR  =            0
 XhydrostatH: JZERO =            1
 gsetrad -            1           1
 gsetrad - iflagcloud,iflagsrom =  F           0
 gsetrad - cbflag, iflagcb =  F           0
 AA ISCAT =            0
  RDMOD.f :: reading model: disc.prf                                                                                            
 RDMOD: AMFORM =            1
  RDDMOD.f :: reading dust-model: aerosol.prf                                                                                         
  RDDMOD.f :: dust-model has            1  aerosol types
 Check_profile called
 Checking : disc.sca                                                                                            
 icheck =            0
 Reading reference file from : disc.ref                                                                                            
 CIRSRTFG_WAVE - ILBL =            0
  
  SUBPATHG.f :: iconv =           24
  SUBPATHG.f :: vmin =    1.14250004     , vmax =    4.50000000    
  SUBPATHG.f :: delv =   0.209843755     , fwhm =    0.00000000    
  SUBPATHG.f :: wing =    0.00000000     , vrel =    0.00000000    
  SUBPATHG.f :: reading spectral data from:  DISC.KLS                                                                                           
  RDMOD.f :: reading model: disc.prf                                                                                            
 RDMOD: AMFORM =            1
  RDDMOD.f :: reading dust-model: aerosol.prf                                                                                         
  RDDMOD.f :: dust-model has            1  aerosol types
 radius layer=   74065.7031    
  LAYERG.f :: Number of dust types:            1
  LAYERG.f :: Dust type =            1
  LAYERG.f :: Total number/cm2 for path=    0.00000000    

Klist filename: disc.kls                                                                                            
      CALLING read_klist
 klist file : disc.kls                                                                                            
  READ_KLIST.f :: Number of k-files =            4
      read_klist COMPLETE
  
 Reading_xsec: X-section file : disc.xsc                                                                                            
 Ncont is           1
 get_xsec: read_xsec OK
 nsec1 =           20
 NPATH =            1
  
  Waiting for CIRSradg_wave etal to complete ...
  Percent Complete =    0.00000000    
  Percent Complete =    10.0000000    
  Percent Complete =    20.0000000    
  Percent Complete =    30.0000000    
  Percent Complete =    40.0000000    
  Percent Complete =    50.0000000    
  Percent Complete =    60.0000000    
  Percent Complete =    70.0000000    
  Percent Complete =    80.0000000    
  Percent Complete =    90.0000000    
  Percent Complete =    100.000000    
 ForwardavfovX: Npath,sol_ang,emiss_ang =            1   133.636703       63.4348984    
           1  0.138197005       3.48171103E-04   4.81162024E-05   7.21741308E-05
           2  0.138197005       3.35239863E-04   4.63291435E-05   6.94935443E-05
           3  0.138197005       5.29321027E-04   7.31505788E-05   1.09725603E-04
           4  0.138197005       7.87674217E-04   1.08854219E-04   1.63280929E-04
           5  0.138197005       8.64782487E-04   1.19510347E-04   1.79265087E-04
           6  0.138197005       6.09920651E-04   8.42892041E-05   1.26433501E-04
           7  0.138197005       2.52884522E-04   3.49478833E-05   5.24216994E-05
           8  0.138197005       1.91230851E-04   2.64275313E-05   3.96411997E-05
           9  0.138197005       1.94786597E-04   2.69189240E-05   4.03782906E-05
          10  0.138197005       2.35518979E-04   3.25480178E-05   4.88219084E-05
          11  0.138197005       3.02810018E-04   4.18474374E-05   6.27710033E-05
          12  0.138197005       3.99895973E-04   5.52644269E-05   8.28964403E-05
          13  0.138197005       4.97476489E-04   6.87497595E-05   1.03124388E-04
          14  0.138197005       4.67768987E-04   6.46442713E-05   9.69661778E-05
          15  0.138197005       3.22303153E-04   4.45413316E-05   6.68118373E-05
          16  0.138197005       1.74792507E-03   2.41558009E-04   3.62336141E-04
          17  0.138197005       3.13735846E-03   4.33573528E-04   6.50358736E-04
 gsetrad, lin =            0
 NLATREF =            1
 Snapping to first latitude
 XX. ISCALE =            1           1           1           1           1           1
 XhydrostatH: JZERO =            1
 XhydrostatH: JZERO =            1
  
 IPAR =            1
 ISCALE :            0           1           1           1           1           1
 IERR  =            0
 XhydrostatH: JZERO =            1
 gsetrad -            1           1
 gsetrad - iflagcloud,iflagsrom =  F           0
 gsetrad - cbflag, iflagcb =  F           0
 AA ISCAT =            0
  RDMOD.f :: reading model: disc.prf                                                                                            
 RDMOD: AMFORM =            1
  RDDMOD.f :: reading dust-model: aerosol.prf                                                                                         
  RDDMOD.f :: dust-model has            1  aerosol types
 Check_profile called
 Checking : disc.sca                                                                                            
 icheck =            0
 Reading reference file from : disc.ref                                                                                            
 CIRSRTFG_WAVE - ILBL =            0
  
  SUBPATHG.f :: iconv =           24
  SUBPATHG.f :: vmin =    1.14250004     , vmax =    4.50000000    
  SUBPATHG.f :: delv =   0.209843755     , fwhm =    0.00000000    
  SUBPATHG.f :: wing =    0.00000000     , vrel =    0.00000000    
  SUBPATHG.f :: reading spectral data from:  DISC.KLS                                                                                           
  RDMOD.f :: reading model: disc.prf                                                                                            
 RDMOD: AMFORM =            1
  RDDMOD.f :: reading dust-model: aerosol.prf                                                                                         
  RDDMOD.f :: dust-model has            1  aerosol types
 radius layer=   74065.7031    
  LAYERG.f :: Number of dust types:            1
  LAYERG.f :: Dust type =            1
  LAYERG.f :: Total number/cm2 for path=    0.00000000    

Klist filename: disc.kls                                                                                            
      CALLING read_klist
 klist file : disc.kls                                                                                            
  READ_KLIST.f :: Number of k-files =            4
      read_klist COMPLETE
  
 Reading_xsec: X-section file : disc.xsc                                                                                            
 Ncont is           1
 get_xsec: read_xsec OK
 nsec1 =           20
 NPATH =            1
  
  Waiting for CIRSradg_wave etal to complete ...
  Percent Complete =    0.00000000    
  Percent Complete =    10.0000000    
  Percent Complete =    20.0000000    
  Percent Complete =    30.0000000    
  Percent Complete =    40.0000000    
  Percent Complete =    50.0000000    
  Percent Complete =    60.0000000    
  Percent Complete =    70.0000000    
  Percent Complete =    80.0000000    
  Percent Complete =    90.0000000    
  Percent Complete =    100.000000    
 ForwardavfovX: Npath,sol_ang,emiss_ang =            1   121.261299       63.4348984    
           1  0.138197005       3.48171103E-04   4.81162024E-05   1.20290337E-04
           2  0.138197005       3.35239863E-04   4.63291435E-05   1.15822688E-04
           3  0.138197005       5.29321027E-04   7.31505788E-05   1.82876189E-04
           4  0.138197005       7.87674217E-04   1.08854219E-04   2.72135134E-04
           5  0.138197005       8.64782487E-04   1.19510347E-04   2.98775441E-04
           6  0.138197005       6.09920651E-04   8.42892041E-05   2.10722705E-04
           7  0.138197005       2.52884522E-04   3.49478833E-05   8.73695826E-05
           8  0.138197005       1.91230851E-04   2.64275313E-05   6.60687292E-05
           9  0.138197005       1.94786597E-04   2.69189240E-05   6.72972164E-05
          10  0.138197005       2.35518979E-04   3.25480178E-05   8.13699298E-05
          11  0.138197005       3.02810018E-04   4.18474374E-05   1.04618441E-04
          12  0.138197005       3.99895973E-04   5.52644269E-05   1.38160860E-04
          13  0.138197005       4.97476489E-04   6.87497595E-05   1.71874155E-04
          14  0.138197005       4.67768987E-04   6.46442713E-05   1.61610456E-04
          15  0.138197005       3.22303153E-04   4.45413316E-05   1.11353169E-04
          16  0.138197005       1.74792507E-03   2.41558009E-04   6.03894121E-04
          17  0.138197005       3.13735846E-03   4.33573528E-04   1.08393223E-03
 gsetrad, lin =            0
 NLATREF =            1
 Snapping to first latitude
 XX. ISCALE =            1           1           1           1           1           1
 XhydrostatH: JZERO =            1
 XhydrostatH: JZERO =            1
  
 IPAR =            1
 ISCALE :            0           1           1           1           1           1
 IERR  =            0
 XhydrostatH: JZERO =            1
 gsetrad -            1           1
 gsetrad - iflagcloud,iflagsrom =  F           0
 gsetrad - cbflag, iflagcb =  F           0
 AA ISCAT =            0
  RDMOD.f :: reading model: disc.prf                                                                                            
 RDMOD: AMFORM =            1
  RDDMOD.f :: reading dust-model: aerosol.prf                                                                                         
  RDDMOD.f :: dust-model has            1  aerosol types
 Check_profile called
 Checking : disc.sca                                                                                            
 icheck =            0
 Reading reference file from : disc.ref                                                                                            
 CIRSRTFG_WAVE - ILBL =            0
  
  SUBPATHG.f :: iconv =           24
  SUBPATHG.f :: vmin =    1.14250004     , vmax =    4.50000000    
  SUBPATHG.f :: delv =   0.209843755     , fwhm =    0.00000000    
  SUBPATHG.f :: wing =    0.00000000     , vrel =    0.00000000    
  SUBPATHG.f :: reading spectral data from:  DISC.KLS                                                                                           
  RDMOD.f :: reading model: disc.prf                                                                                            
 RDMOD: AMFORM =            1
  RDDMOD.f :: reading dust-model: aerosol.prf                                                                                         
  RDDMOD.f :: dust-model has            1  aerosol types
 radius layer=   74065.7031    
  LAYERG.f :: Number of dust types:            1
  LAYERG.f :: Dust type =            1
  LAYERG.f :: Total number/cm2 for path=    0.00000000    

Klist filename: disc.kls                                                                                            
      CALLING read_klist
 klist file : disc.kls                                                                                            
  READ_KLIST.f :: Number of k-files =            4
      read_klist COMPLETE
  
 Reading_xsec: X-section file : disc.xsc                                                                                            
 Ncont is           1
 get_xsec: read_xsec OK
 nsec1 =           20
 NPATH =            1
  
  Waiting for CIRSradg_wave etal to complete ...
  Percent Complete =    0.00000000    
  Percent Complete =    10.0000000    
  Percent Complete =    20.0000000    
  Percent Complete =    30.0000000    
  Percent Complete =    40.0000000    
  Percent Complete =    50.0000000    
  Percent Complete =    60.0000000    
  Percent Complete =    70.0000000    
  Percent Complete =    80.0000000    
  Percent Complete =    90.0000000    
  Percent Complete =    100.000000    
 ForwardavfovX: Npath,sol_ang,emiss_ang =            1   107.902603       63.4348984    
           1  0.138197005       3.48171103E-04   4.81162024E-05   1.68406536E-04
           2  0.138197005       3.35239863E-04   4.63291435E-05   1.62151831E-04
           3  0.138197005       5.29321027E-04   7.31505788E-05   2.56026775E-04
           4  0.138197005       7.87674217E-04   1.08854219E-04   3.80989339E-04
           5  0.138197005       8.64782487E-04   1.19510347E-04   4.18285781E-04
           6  0.138197005       6.09920651E-04   8.42892041E-05   2.95011909E-04
           7  0.138197005       2.52884522E-04   3.49478833E-05   1.22317462E-04
           8  0.138197005       1.91230851E-04   2.64275313E-05   9.24962587E-05
           9  0.138197005       1.94786597E-04   2.69189240E-05   9.42161423E-05
          10  0.138197005       2.35518979E-04   3.25480178E-05   1.13917951E-04
          11  0.138197005       3.02810018E-04   4.18474374E-05   1.46465871E-04
          12  0.138197005       3.99895973E-04   5.52644269E-05   1.93425280E-04
          13  0.138197005       4.97476489E-04   6.87497595E-05   2.40623922E-04
          14  0.138197005       4.67768987E-04   6.46442713E-05   2.26254720E-04
          15  0.138197005       3.22303153E-04   4.45413316E-05   1.55894493E-04
          16  0.138197005       1.74792507E-03   2.41558009E-04   8.45452130E-04
          17  0.138197005       3.13735846E-03   4.33573528E-04   1.51750573E-03
 gsetrad, lin =            0
 NLATREF =            1
 Snapping to first latitude
 XX. ISCALE =            1           1           1           1           1           1
 XhydrostatH: JZERO =            1
 XhydrostatH: JZERO =            1
  
 IPAR =            1
 ISCALE :            0           1           1           1           1           1
 IERR  =            0
 XhydrostatH: JZERO =            1
 gsetrad -            1           1
 gsetrad - iflagcloud,iflagsrom =  F           0
 gsetrad - cbflag, iflagcb =  F           0
 AA ISCAT =            0
  RDMOD.f :: reading model: disc.prf                                                                                            
 RDMOD: AMFORM =            1
  RDDMOD.f :: reading dust-model: aerosol.prf                                                                                         
  RDDMOD.f :: dust-model has            1  aerosol types
 Check_profile called
 Checking : disc.sca                                                                                            
 icheck =            0
 Reading reference file from : disc.ref                                                                                            
 CIRSRTFG_WAVE - ILBL =            0
  
  SUBPATHG.f :: iconv =           24
  SUBPATHG.f :: vmin =    1.14250004     , vmax =    4.50000000    
  SUBPATHG.f :: delv =   0.209843755     , fwhm =    0.00000000    
  SUBPATHG.f :: wing =    0.00000000     , vrel =    0.00000000    
  SUBPATHG.f :: reading spectral data from:  DISC.KLS                                                                                           
  RDMOD.f :: reading model: disc.prf                                                                                            
 RDMOD: AMFORM =            1
  RDDMOD.f :: reading dust-model: aerosol.prf                                                                                         
  RDDMOD.f :: dust-model has            1  aerosol types
 radius layer=   74065.7031    
  LAYERG.f :: Number of dust types:            1
  LAYERG.f :: Dust type =            1
  LAYERG.f :: Total number/cm2 for path=    0.00000000    

Klist filename: disc.kls                                                                                            
      CALLING read_klist
 klist file : disc.kls                                                                                            
  READ_KLIST.f :: Number of k-files =            4
      read_klist COMPLETE
  
 Reading_xsec: X-section file : disc.xsc                                                                                            
 Ncont is           1
 get_xsec: read_xsec OK
 nsec1 =           20
 NPATH =            1
  
  Waiting for CIRSradg_wave etal to complete ...
  Percent Complete =    0.00000000    
  Percent Complete =    10.0000000    
  Percent Complete =    20.0000000    
  Percent Complete =    30.0000000    
  Percent Complete =    40.0000000    
  Percent Complete =    50.0000000    
  Percent Complete =    60.0000000    
  Percent Complete =    70.0000000    
  Percent Complete =    80.0000000    
  Percent Complete =    90.0000000    
  Percent Complete =    100.000000    
 ForwardavfovX: Npath,sol_ang,emiss_ang =            1   97.8313980       63.4348984    
           1  0.138197005       3.48171103E-04   4.81162024E-05   2.16522734E-04
           2  0.138197005       3.35239863E-04   4.63291435E-05   2.08480982E-04
           3  0.138197005       5.29321027E-04   7.31505788E-05   3.29177361E-04
           4  0.138197005       7.87674217E-04   1.08854219E-04   4.89843544E-04
           5  0.138197005       8.64782487E-04   1.19510347E-04   5.37796121E-04
           6  0.138197005       6.09920651E-04   8.42892041E-05   3.79301113E-04
           7  0.138197005       2.52884522E-04   3.49478833E-05   1.57265342E-04
           8  0.138197005       1.91230851E-04   2.64275313E-05   1.18923788E-04
           9  0.138197005       1.94786597E-04   2.69189240E-05   1.21135068E-04
          10  0.138197005       2.35518979E-04   3.25480178E-05   1.46465973E-04
          11  0.138197005       3.02810018E-04   4.18474374E-05   1.88313308E-04
          12  0.138197005       3.99895973E-04   5.52644269E-05   2.48689699E-04
          13  0.138197005       4.97476489E-04   6.87497595E-05   3.09373689E-04
          14  0.138197005       4.67768987E-04   6.46442713E-05   2.90898985E-04
          15  0.138197005       3.22303153E-04   4.45413316E-05   2.00435825E-04
          16  0.138197005       1.74792507E-03   2.41558009E-04   1.08701014E-03
          17  0.138197005       3.13735846E-03   4.33573528E-04   1.95107923E-03
 gsetrad, lin =            0
 NLATREF =            1
 Snapping to first latitude
 XX. ISCALE =            1           1           1           1           1           1
 XhydrostatH: JZERO =            1
 XhydrostatH: JZERO =            1
  
 IPAR =            1
 ISCALE :            0           1           1           1           1           1
 IERR  =            0
 XhydrostatH: JZERO =            1
 gsetrad -            1           1
 gsetrad - iflagcloud,iflagsrom =  F           0
 gsetrad - cbflag, iflagcb =  F           0
 AA ISCAT =            0
  RDMOD.f :: reading model: disc.prf                                                                                            
 RDMOD: AMFORM =            1
  RDDMOD.f :: reading dust-model: aerosol.prf                                                                                         
  RDDMOD.f :: dust-model has            1  aerosol types
 Check_profile called
 Checking : disc.sca                                                                                            
 icheck =            0
 Reading reference file from : disc.ref                                                                                            
 CIRSRTFG_WAVE - ILBL =            0
  
  SUBPATHG.f :: iconv =           24
  SUBPATHG.f :: vmin =    1.14250004     , vmax =    4.50000000    
  SUBPATHG.f :: delv =   0.209843755     , fwhm =    0.00000000    
  SUBPATHG.f :: wing =    0.00000000     , vrel =    0.00000000    
  SUBPATHG.f :: reading spectral data from:  DISC.KLS                                                                                           
  RDMOD.f :: reading model: disc.prf                                                                                            
 RDMOD: AMFORM =            1
  RDDMOD.f :: reading dust-model: aerosol.prf                                                                                         
  RDDMOD.f :: dust-model has            1  aerosol types
 radius layer=   74065.7031    
  LAYERG.f :: Number of dust types:            1
  LAYERG.f :: Dust type =            1
  LAYERG.f :: Total number/cm2 for path=    0.00000000    

Klist filename: disc.kls                                                                                            
      CALLING read_klist
 klist file : disc.kls                                                                                            
  READ_KLIST.f :: Number of k-files =            4
      read_klist COMPLETE
  
 Reading_xsec: X-section file : disc.xsc                                                                                            
 Ncont is           1
 get_xsec: read_xsec OK
 nsec1 =           20
 NPATH =            1
  
  Waiting for CIRSradg_wave etal to complete ...
  Percent Complete =    0.00000000    
  Percent Complete =    10.0000000    
  Percent Complete =    20.0000000    
  Percent Complete =    30.0000000    
  Percent Complete =    40.0000000    
  Percent Complete =    50.0000000    
  Percent Complete =    60.0000000    
  Percent Complete =    70.0000000    
  Percent Complete =    80.0000000    
  Percent Complete =    90.0000000    
  Percent Complete =    100.000000    
 ForwardavfovX: Npath,sol_ang,emiss_ang =            1   94.0651016       63.4348984    
           1   6.90980032E-02   3.48171103E-04   2.40579284E-05   2.40580659E-04
           2   6.90980032E-02   3.35239863E-04   2.31644044E-05   2.31645390E-04
           3   6.90980032E-02   5.29321027E-04   3.65750275E-05   3.65752378E-04
           4   6.90980032E-02   7.87674217E-04   5.44267168E-05   5.44270268E-04
           5   6.90980032E-02   8.64782487E-04   5.97547441E-05   5.97550883E-04
           6   6.90980032E-02   6.09920651E-04   4.21443001E-05   4.21445409E-04
           7   6.90980032E-02   2.52884522E-04   1.74738161E-05   1.74739165E-04
           8   6.90980032E-02   1.91230851E-04   1.32136702E-05   1.32137458E-04
           9   6.90980032E-02   1.94786597E-04   1.34593647E-05   1.34594433E-04
          10   6.90980032E-02   2.35518979E-04   1.62738907E-05   1.62739860E-04
          11   6.90980032E-02   3.02810018E-04   2.09235677E-05   2.09236881E-04
          12   6.90980032E-02   3.99895973E-04   2.76320134E-05   2.76321720E-04
          13   6.90980032E-02   4.97476489E-04   3.43746324E-05   3.43748310E-04
          14   6.90980032E-02   4.67768987E-04   3.23219028E-05   3.23220884E-04
          15   6.90980032E-02   3.22303153E-04   2.22705039E-05   2.22706323E-04
          16   6.90980032E-02   1.74792507E-03   1.20778132E-04   1.20778824E-03
          17   6.90980032E-02   3.13735846E-03   2.16785207E-04   2.16786447E-03
 gsetrad, lin =            0
 NLATREF =            1
 Snapping to first latitude
 XX. ISCALE =            1           1           1           1           1           1
 XhydrostatH: JZERO =            1
 XhydrostatH: JZERO =            1
  
 IPAR =            1
 ISCALE :            0           1           1           1           1           1
 IERR  =            0
 XhydrostatH: JZERO =            1
 gsetrad -            1           1
 gsetrad - iflagcloud,iflagsrom =  F           0
 gsetrad - cbflag, iflagcb =  F           0
 AA ISCAT =            0
  RDMOD.f :: reading model: disc.prf                                                                                            
 RDMOD: AMFORM =            1
  RDDMOD.f :: reading dust-model: aerosol.prf                                                                                         
  RDDMOD.f :: dust-model has            1  aerosol types
 Check_profile called
 Checking : disc.sca                                                                                            
 icheck =            0
 Reading reference file from : disc.ref                                                                                            
 CIRSRTFG_WAVE - ILBL =            0
  
  SUBPATHG.f :: iconv =           24
  SUBPATHG.f :: vmin =    1.14250004     , vmax =    4.50000000    
  SUBPATHG.f :: delv =   0.209843755     , fwhm =    0.00000000    
  SUBPATHG.f :: wing =    0.00000000     , vrel =    0.00000000    
  SUBPATHG.f :: reading spectral data from:  DISC.KLS                                                                                           
  RDMOD.f :: reading model: disc.prf                                                                                            
 RDMOD: AMFORM =            1
  RDDMOD.f :: reading dust-model: aerosol.prf                                                                                         
  RDDMOD.f :: dust-model has            1  aerosol types
 radius layer=   74065.7031    
  LAYERG.f :: Number of dust types:            1
  LAYERG.f :: Dust type =            1
  LAYERG.f :: Total number/cm2 for path=    0.00000000    

Klist filename: disc.kls                                                                                            
      CALLING read_klist
 klist file : disc.kls                                                                                            
  READ_KLIST.f :: Number of k-files =            4
      read_klist COMPLETE
  
 Reading_xsec: X-section file : disc.xsc                                                                                            
 Ncont is           1
 get_xsec: read_xsec OK
 nsec1 =           20
 NPATH =            1
  
  Waiting for CIRSradg_wave etal to complete ...
  Percent Complete =    0.00000000    
  Percent Complete =    10.0000000    
  Percent Complete =    20.0000000    
  Percent Complete =    30.0000000    
  Percent Complete =    40.0000000    
  Percent Complete =    50.0000000    
  Percent Complete =    60.0000000    
  Percent Complete =    70.0000000    
  Percent Complete =    80.0000000    
  Percent Complete =    90.0000000    
  Percent Complete =    100.000000    
 ForwardavfovX: Npath,sol_ang,emiss_ang =            1   157.500000       0.00000000    
           1  0.309017003       5.78674779E-04   1.78820352E-04   4.19401011E-04
           2  0.309017003       5.72998077E-04   1.77066147E-04   4.08711552E-04
           3  0.309017003       8.08060635E-04   2.49704462E-04   6.15456840E-04
           4  0.309017003       1.08329370E-03   3.34756158E-04   8.79026426E-04
           5  0.309017003       1.17247947E-03   3.62316088E-04   9.59866971E-04
           6  0.309017003       9.07920185E-04   2.80562788E-04   7.02008198E-04
           7  0.309017003       3.99055192E-04   1.23314836E-04   2.98054016E-04
           8  0.309017003       3.00397805E-04   9.28280278E-05   2.24965479E-04
           9  0.309017003       2.96783139E-04   9.17110374E-05   2.26305478E-04
          10  0.309017003       3.53224314E-04   1.09152315E-04   2.71892175E-04
          11  0.309017003       4.45276324E-04   1.37597948E-04   3.46834830E-04
          12  0.309017003       5.74784761E-04   1.77618262E-04   4.53939982E-04
          13  0.309017003       7.04907230E-04   2.17828318E-04   5.61576628E-04
          14  0.309017003       6.83183142E-04   2.11115213E-04   5.34336083E-04
          15  0.309017003       5.03012387E-04   1.55439382E-04   3.78145720E-04
          16  0.309017003       1.84182019E-03   5.69153752E-04   1.77694205E-03
          17  0.309017003       3.26422323E-03   1.00870046E-03   3.17656482E-03
 Calc_gain_matrix: Inverting...
 dinvertm: Cholesky decomposition
 dinvertm.f: Matrix inversion OK
 calc_phiret: phi1,phi2 =    100234.172       0.00000000    
 Assess:
 Average of diagonal elements of Kk*Sx*Kt :    1.0000009155791405E-010
 Average of diagonal elements of Se :    1.0000009154076395E-010
 Ratio =    1.0000000001715008     
 Average of Kk*Sx*Kt/Se element ratio :    1.0000000001715006     
 iterred,kiter           1          -1
 chisq/ny is equal to :    5896.12793    
 Coreret: WARNING
 chisq/ny should be less than 1 if correctly retrieved
 Calculating final covariance matrix
 Matrix calculated
 Writeout: ispace,iform,xfac :            1           1   1.00000000    
 D           3          20   0.00000000    
 E           1
 Warning from nemesis/setup.f. Surface temperature must
 be greater than 0.0 for some parts of code that deal
 with sensitivity to surface temperature
 Angles :    139.065094       63.4348984       0.00000000    
 nf =            1
 calling gsetrad
 gsetrad, lin =            0
 NLATREF =            1
 Snapping to first latitude
 XX. ISCALE =            1           1           1           1           1           1
 XhydrostatH: JZERO =            1
 XhydrostatH: JZERO =            1
  
 IPAR =            1
 ISCALE :            0           1           1           1           1           1
 IERR  =            0
 XhydrostatH: JZERO =            1
 gsetrad -            1           1
 gsetrad - iflagcloud,iflagsrom =  F           0
 gsetrad - cbflag, iflagcb =  F           0
 AA ISCAT =            0
  RDMOD.f :: reading model: disc.prf                                                                                            
 RDMOD: AMFORM =            1
  RDDMOD.f :: reading dust-model: aerosol.prf                                                                                         
  RDDMOD.f :: dust-model has            1  aerosol types
 Check_profile called
 Checking : disc.sca                                                                                            
 icheck =            0
 Reading reference file from : disc.ref                                                                                            
 gsetrad called OK
 Model run OK
 Elapsed time (s) =      2.7
